<?xml version="1.0" encoding="UTF-8"?>
<!-- Generated by org.testng.reporters.JUnitReportReporter -->
<testsuite hostname="bhagyak" failures="0" tests="5" name="testngTestcases.ParametersDemoFromExcel" time="22.396" errors="0" timestamp="2024-11-29T10:28:14 IST" skipped="0">
  <testcase classname="testngTestcases.ParametersDemoFromExcel" name="doLogin" time="4.144">
    <system-out>
      <![CDATA[Testcase has been started: doLogin
Testcase has been passed: doLogin]]>
    </system-out>
  </testcase> <!-- doLogin -->
  <testcase classname="testngTestcases.ParametersDemoFromExcel" name="doLogin" time="4.920">
    <system-out>
      <![CDATA[Testcase has been started: doLogin
Testcase has been passed: doLogin]]>
    </system-out>
  </testcase> <!-- doLogin -->
  <testcase classname="testngTestcases.ParametersDemoFromExcel" name="doLogin" time="4.433">
    <system-out>
      <![CDATA[Testcase has been started: doLogin
Testcase has been passed: doLogin]]>
    </system-out>
  </testcase> <!-- doLogin -->
  <testcase classname="testngTestcases.ParametersDemoFromExcel" name="doLogin" time="4.517">
    <system-out>
      <![CDATA[Testcase has been started: doLogin
Testcase has been passed: doLogin]]>
    </system-out>
  </testcase> <!-- doLogin -->
  <testcase classname="testngTestcases.ParametersDemoFromExcel" name="doLogin" time="4.382">
    <system-out>
      <![CDATA[Testcase has been started: doLogin
Testcase has been passed: doLogin]]>
    </system-out>
  </testcase> <!-- doLogin -->
  <system-out>
    <![CDATA[Testcase has been started: doLogin
Testcase has been passed: doLogin
Testcase has been started: doLogin
Testcase has been passed: doLogin
Testcase has been started: doLogin
Testcase has been passed: doLogin
Testcase has been started: doLogin
Testcase has been passed: doLogin
Testcase has been started: doLogin
Testcase has been passed: doLogin]]>
  </system-out>
</testsuite> <!-- testngTestcases.ParametersDemoFromExcel -->
