<?xml version="1.0" encoding="UTF-8"?>
<!-- Generated by org.testng.reporters.JUnitReportReporter -->
<testsuite hostname="bhagyak" failures="0" tests="3" name="testngTestcases.SeleniumGridDemo" time="14.422" errors="0" timestamp="2024-12-16T10:02:10 IST" skipped="0">
  <testcase classname="testngTestcases.SeleniumGridDemo" name="openBrowser" time="3.640"/>
  <testcase classname="testngTestcases.SeleniumGridDemo" name="openBrowser" time="5.860"/>
  <testcase classname="testngTestcases.SeleniumGridDemo" name="openBrowser" time="4.922"/>
</testsuite> <!-- testngTestcases.SeleniumGridDemo -->
