<?xml version="1.0" encoding="UTF-8"?>
<!-- Generated by org.testng.reporters.JUnitReportReporter -->
<testsuite hostname="bhagyak" failures="0" tests="1" name="testngTestcases.Grouping_Testcase2" time="0.002" errors="0" timestamp="2024-11-27T09:45:00 IST" skipped="0">
  <testcase classname="testngTestcases.Grouping_Testcase2" name="vehicle4" time="0.002"/>
  <system-out>
    <![CDATA[vehicle 1 is executed
Screenshot link
<a target="_blank" href="C:\Users\91733\OneDrive\Desktop\nw.jpg">screenshotlink</a>
<a target="_blank" href="C:\Users\91733\OneDrive\Desktop\nw.jpg"><img src="C:\Users\91733\OneDrive\Desktop\nw.jpg" width=200 height=200/></a>
vehicle 2 is executed]]>
  </system-out>
</testsuite> <!-- testngTestcases.Grouping_Testcase2 -->
