<?xml version="1.0" encoding="UTF-8"?>
<!-- Generated by org.testng.reporters.JUnitReportReporter -->
<testsuite hostname="bhagyak" failures="0" tests="3" name="testngTestcases.SeleniumGridDemo" time="25.475" errors="0" timestamp="2024-12-18T09:43:29 IST" skipped="0">
  <testcase classname="testngTestcases.SeleniumGridDemo" name="openBrowser" time="4.627"/>
  <testcase classname="testngTestcases.SeleniumGridDemo" name="openBrowser" time="13.417"/>
  <testcase classname="testngTestcases.SeleniumGridDemo" name="openBrowser" time="7.431"/>
</testsuite> <!-- testngTestcases.SeleniumGridDemo -->
