<?xml version="1.0" encoding="UTF-8"?>
<!-- Generated by org.testng.reporters.JUnitReportReporter -->
<testsuite hostname="bhagyak" failures="0" tests="6" name="testngTestcases.ParametersDemo" time="43.489" errors="0" timestamp="2024-11-29T09:56:02 IST" skipped="0">
  <testcase classname="testngTestcases.ParametersDemo" name="doLogin" time="4.219"/>
  <testcase classname="testngTestcases.ParametersDemo" name="doLogin" time="3.761"/>
  <testcase classname="testngTestcases.ParametersDemo" name="doLogin" time="4.146"/>
  <testcase classname="testngTestcases.ParametersDemo" name="doLogin" time="8.983"/>
  <testcase classname="testngTestcases.ParametersDemo" name="doLogin" time="12.928"/>
  <testcase classname="testngTestcases.ParametersDemo" name="doLogin" time="9.452"/>
</testsuite> <!-- testngTestcases.ParametersDemo -->
