<?xml version="1.0" encoding="UTF-8"?>
<!-- Generated by org.testng.reporters.JUnitReportReporter -->
<testsuite hostname="bhagyak" failures="0" tests="2" name="testngTestcases.Testcase1" time="0.018" errors="0" timestamp="2024-11-27T10:03:19 IST" skipped="0">
  <testcase classname="testngTestcases.Testcase1" name="doUserReg" time="0.013">
    <system-out>
      <![CDATA[Testcase has been started: doUserReg
Testcase has been passed: doUserReg]]>
    </system-out>
  </testcase> <!-- doUserReg -->
  <testcase classname="testngTestcases.Testcase1" name="doLogin" time="0.005">
    <system-out>
      <![CDATA[Testcase has been started: doLogin
Testcase has been passed: doLogin]]>
    </system-out>
  </testcase> <!-- doLogin -->
  <system-out>
    <![CDATA[Testcase has been started: doUserReg
Testcase has been passed: doUserReg
Testcase has been started: doLogin
Testcase has been passed: doLogin
Testcase has been started: softAssertDemo
Screenshot link as the testcase has been failed: softAssertDemo
<a target="_blank" href="C:\Users\91733\OneDrive\Desktop\nw.jpg">screenshotlink</a>
<a target="_blank" href="C:\Users\91733\OneDrive\Desktop\nw.jpg"><img src="C:\Users\91733\OneDrive\Desktop\nw.jpg" width=200 height=200/></a>
Testcase has been started: userReg
Screenshot link as the testcase has been failed: userReg
<a target="_blank" href="C:\Users\91733\OneDrive\Desktop\nw.jpg">screenshotlink</a>
<a target="_blank" href="C:\Users\91733\OneDrive\Desktop\nw.jpg"><img src="C:\Users\91733\OneDrive\Desktop\nw.jpg" width=200 height=200/></a>
Testcase has been started: doSkip
Testcase has been skipped: doSkip]]>
  </system-out>
</testsuite> <!-- testngTestcases.Testcase1 -->
