<?xml version="1.0" encoding="UTF-8"?>
<!-- Generated by org.testng.reporters.JUnitReportReporter -->
<testsuite hostname="bhagyak" failures="0" tests="1" name="testcases.DBQuery" time="1.375" errors="0" timestamp="2024-12-06T09:12:41 IST" skipped="0">
  <testcase classname="testcases.DBQuery" name="makeDBConnection" time="1.375"/>
</testsuite> <!-- testcases.DBQuery -->
